
   INFO  Server running on [http://127.0.0.1:8099].  

  Press Ctrl+C to stop the server

  2026-03-04 22:04:44 /login .................................................................................. ~ 1dt
  2026-03-04 22:06:56 /login .................................................................................. ~ 1dt
  2026-03-04 22:06:58 /register ............................................................................... ~ 6dt
  2026-03-04 22:07:38 /login .................................................................................. ~ 1dt
  2026-03-04 22:07:40 /register ............................................................................... ~ 1dt
  2026-03-04 22:07:42 /forgot-password ........................................................................ ~ 3dt
  2026-03-04 22:07:46 /reset-password/sample-token ............................................................ ~ 5dt
  2026-03-04 22:07:51 /login .................................................................................. ~ 1dt
  2026-03-04 22:07:53 /login ................................................................................. ~ 11dt
  2026-03-04 22:08:05 /mahasiswa/dashboard ................................................................... ~ 27dt
  2026-03-04 22:08:33 /profil ................................................................................ ~ 11dt
  2026-03-04 22:08:44 /notifikasi ............................................................................. ~ 7dt
  2026-03-04 22:08:51 /mahasiswa/dashboard .................................................................... ~ 2dt
  2026-03-04 22:08:54 /mahasiswa/permohonan ................................................................... ~ 9dt
  2026-03-04 22:09:03 /mahasiswa/permohonan/buat/surat-persetujuan-pra-penelitian-sFQuYM ..................... ~ 11dt
  2026-03-04 22:09:16 /mahasiswa/permohonan/17 ............................................................... ~ 21dt
  2026-03-04 22:09:37 /login .................................................................................. ~ 2dt
  2026-03-04 22:09:39 /login .................................................................................. ~ 2dt
  2026-03-04 22:09:42 /mahasiswa/dashboard .................................................................... ~ 2dt
  2026-03-04 22:09:44 /signer/permohonan/inbox ................................................................ ~ 3dt
  2026-03-04 22:09:47 /signer/permohonan/18 ................................................................... ~ 6dt
  2026-03-04 22:09:54 /login .................................................................................. ~ 2dt
  2026-03-04 22:09:56 /login .................................................................................. ~ 2dt
  2026-03-04 22:09:59 /admin/dashboard ........................................................................ ~ 6dt
  2026-03-04 22:10:06 /staff/permohonan/18/assemble ........................................................... ~ 1dt
  2026-03-04 22:10:08 /admin/permohonan/18 ................................................................... ~ 24dt
  2026-03-04 22:11:15 /login .................................................................................. ~ 1dt
  2026-03-04 22:11:16 /login .................................................................................. ~ 2dt
  2026-03-04 22:11:18 /mahasiswa/dashboard ............................................................... ~ 508.48ms
  2026-03-04 22:11:19 /signer/permohonan/17 ................................................................... ~ 8dt
  2026-03-04 22:11:50 /login .................................................................................. ~ 1dt
  2026-03-04 22:11:51 /login .................................................................................. ~ 2dt
  2026-03-04 22:11:53 /mahasiswa/dashboard .................................................................... ~ 1dt
  2026-03-04 22:11:54 /signer/permohonan/17 ................................................................... ~ 1dt

   INFO  Server running on [http://127.0.0.1:8099].  

  Press Ctrl+C to stop the server

  2026-03-05 09:35:35 /login ................................................................................. ~ 13dt
  2026-03-05 09:35:53 /login ............................................................................. ~ 504.52ms
  2026-03-05 09:35:53 /login .................................................................................. ~ 1dt
  2026-03-05 09:35:53 /login .................................................................................. ~ 1dt
  2026-03-05 09:35:54 /login .................................................................................. ~ 1dt
  2026-03-05 09:35:54 /login .................................................................................. ~ 1dt
  2026-03-05 09:35:55 /login .................................................................................. ~ 1dt
  2026-03-05 09:35:56 /login .................................................................................. ~ 1dt
  2026-03-05 09:35:56 /login .................................................................................. ~ 1dt
  2026-03-05 09:35:58 /login .................................................................................. ~ 1dt
  2026-03-05 09:36:01 /login ............................................................................. ~ 514.00ms
  2026-03-05 09:36:02 /build/assets/app-DpmNv1u0.js ........................................................ ~ 0.23ms
  2026-03-05 09:36:02 /icons/google.svg .................................................................... ~ 4.77ms
  2026-03-05 09:36:02 /build/assets/app-Cob1zxeE.css ....................................................... ~ 9.75ms
  2026-03-05 09:36:05 /icons/unila.png ..................................................................... ~ 0.27ms
  2026-03-05 09:36:05 /icons/logo.png ..................................................................... ~ 10.83ms
  2026-03-05 09:36:06 /login .................................................................................. ~ 5dt
  2026-03-05 09:36:11 /admin/dashboard ........................................................................ ~ 9dt
  2026-03-05 09:36:20 /build/assets/app-DpmNv1u0.js ........................................................ ~ 0.30ms
  2026-03-05 09:36:20 /build/assets/app-Cob1zxeE.css ...................................................... ~ 10.18ms
  2026-03-05 09:36:20 /admin/audit-logs ....................................................................... ~ 5dt
  2026-03-05 09:36:26 /icons/logo.png ...................................................................... ~ 0.43ms
  2026-03-05 09:36:26 /icons/unila.png .................................................................... ~ 16.81ms
  2026-03-05 09:36:26 /build/assets/app-DpmNv1u0.js ........................................................ ~ 0.26ms
  2026-03-05 09:36:26 /build/assets/app-Cob1zxeE.css ....................................................... ~ 9.62ms
  2026-03-05 09:36:27 /icons/logo.png ...................................................................... ~ 1.23ms
  2026-03-05 09:36:27 /icons/unila.png .................................................................... ~ 18.46ms
  2026-03-05 09:36:27 /admin/cms .............................................................................. ~ 9dt
  2026-03-05 09:36:36 /build/assets/app-DpmNv1u0.js ........................................................ ~ 0.63ms
  2026-03-05 09:36:36 /build/assets/app-Cob1zxeE.css ...................................................... ~ 12.20ms
  2026-03-05 09:36:36 /storage/cms/hero/cms_hero_20260224_0002.png ........................................ ~ 30.24ms
  2026-03-05 09:36:36 /icons/unila.png ..................................................................... ~ 0.63ms
  2026-03-05 09:36:36 /icons/logo.png ..................................................................... ~ 11.16ms
  2026-03-05 09:36:37 /admin/cms/announcements ................................................................ ~ 7dt
  2026-03-05 09:36:45 /build/assets/app-Cob1zxeE.css ....................................................... ~ 0.23ms
  2026-03-05 09:36:45 /build/assets/app-DpmNv1u0.js ........................................................ ~ 6.94ms
  2026-03-05 09:36:45 /icons/logo.png ...................................................................... ~ 0.40ms
  2026-03-05 09:36:45 /icons/unila.png .................................................................... ~ 19.61ms
  2026-03-05 09:36:46 /admin/cms/announcements/create ........................................................ ~ 21dt
  2026-03-05 09:37:07 /build/assets/app-DpmNv1u0.js ........................................................ ~ 0.21ms
  2026-03-05 09:37:07 /build/assets/app-Cob1zxeE.css ....................................................... ~ 7.04ms
  2026-03-05 09:37:07 /build/assets/tiptap-editor-BEIQFI6w.js .............................................. ~ 0.19ms
  2026-03-05 09:37:07 /build/assets/index-Bw3-YJgB.js ...................................................... ~ 5.15ms
  2026-03-05 09:37:07 /icons/logo.png ...................................................................... ~ 0.20ms
  2026-03-05 09:37:07 /icons/unila.png .................................................................... ~ 11.03ms
  2026-03-05 09:37:08 /admin/cms/announcements/2/edit ......................................................... ~ 5dt
  2026-03-05 09:37:13 /build/assets/app-DpmNv1u0.js ........................................................ ~ 0.18ms
  2026-03-05 09:37:13 /build/assets/app-Cob1zxeE.css ...................................................... ~ 12.75ms
  2026-03-05 09:37:13 /storage/cms/announcements/cms_announcement_cover_20260224_0005.png .................. ~ 0.22ms
  2026-03-05 09:37:13 /build/assets/tiptap-editor-BEIQFI6w.js .............................................. ~ 0.15ms
  2026-03-05 09:37:13 /build/assets/index-Bw3-YJgB.js ...................................................... ~ 8.60ms
  2026-03-05 09:37:13 /icons/unila.png ..................................................................... ~ 0.47ms
  2026-03-05 09:37:13 /icons/logo.png ...................................................................... ~ 7.73ms
  2026-03-05 09:37:14 /admin/cms/blogs ........................................................................ ~ 6dt
  2026-03-05 09:37:20 /build/assets/app-DpmNv1u0.js ........................................................ ~ 0.36ms
  2026-03-05 09:37:20 /build/assets/app-Cob1zxeE.css ....................................................... ~ 8.81ms
  2026-03-05 09:37:20 /icons/logo.png ...................................................................... ~ 0.41ms
  2026-03-05 09:37:20 /icons/unila.png .................................................................... ~ 16.71ms
  2026-03-05 09:37:21 /admin/cms/blogs/create ................................................................. ~ 6dt
  2026-03-05 09:37:27 /build/assets/app-DpmNv1u0.js ........................................................ ~ 0.33ms
  2026-03-05 09:37:27 /build/assets/app-Cob1zxeE.css ...................................................... ~ 12.98ms
  2026-03-05 09:37:27 /build/assets/tiptap-editor-BEIQFI6w.js .............................................. ~ 0.84ms
  2026-03-05 09:37:27 /build/assets/index-Bw3-YJgB.js ...................................................... ~ 5.54ms
  2026-03-05 09:37:27 /icons/logo.png ...................................................................... ~ 0.27ms
  2026-03-05 09:37:27 /icons/unila.png ..................................................................... ~ 9.14ms
  2026-03-05 09:37:28 /admin/cms/blogs/2/edit ................................................................ ~ 16dt
  2026-03-05 09:37:45 /build/assets/app-Cob1zxeE.css ....................................................... ~ 0.20ms
  2026-03-05 09:37:45 /build/assets/app-DpmNv1u0.js ........................................................ ~ 5.87ms
  2026-03-05 09:37:45 /storage/cms/blogs/cms_blog_cover_20260224_0005.png .................................. ~ 6.80ms
  2026-03-05 09:37:45 /icons/logo.png ...................................................................... ~ 0.34ms
  2026-03-05 09:37:45 /icons/unila.png .................................................................... ~ 78.26ms
  2026-03-05 09:37:45 /build/assets/tiptap-editor-BEIQFI6w.js .............................................. ~ 0.63ms
  2026-03-05 09:37:45 /build/assets/index-Bw3-YJgB.js ...................................................... ~ 0.16ms
  2026-03-05 09:37:46 /admin/cms/categories ................................................................... ~ 9dt
  2026-03-05 09:37:55 /build/assets/app-DpmNv1u0.js ........................................................ ~ 0.47ms
  2026-03-05 09:37:55 /build/assets/app-Cob1zxeE.css ...................................................... ~ 15.80ms
  2026-03-05 09:37:56 /icons/unila.png ..................................................................... ~ 1.50ms
  2026-03-05 09:37:56 /icons/logo.png ...................................................................... ~ 2.47ms
  2026-03-05 09:37:57 /admin/cms/categories/create ............................................................ ~ 5dt
  2026-03-05 09:38:02 /build/assets/app-DpmNv1u0.js ........................................................ ~ 0.30ms
  2026-03-05 09:38:02 /build/assets/app-Cob1zxeE.css ....................................................... ~ 6.44ms
  2026-03-05 09:38:02 /icons/logo.png ...................................................................... ~ 0.27ms
  2026-03-05 09:38:02 /icons/unila.png .................................................................... ~ 11.34ms
  2026-03-05 09:38:03 /admin/cms/categories/12/edit ........................................................... ~ 5dt
  2026-03-05 09:38:08 /build/assets/app-DpmNv1u0.js ........................................................ ~ 0.26ms
  2026-03-05 09:38:08 /build/assets/app-Cob1zxeE.css ....................................................... ~ 6.11ms
  2026-03-05 09:38:09 /icons/logo.png ...................................................................... ~ 0.25ms
  2026-03-05 09:38:09 /icons/unila.png ..................................................................... ~ 8.26ms
  2026-03-05 09:38:10 /admin/cms/hero ......................................................................... ~ 7dt
  2026-03-05 09:38:18 /build/assets/app-DpmNv1u0.js ........................................................ ~ 0.21ms
  2026-03-05 09:38:18 /build/assets/app-Cob1zxeE.css ....................................................... ~ 6.92ms
  2026-03-05 09:38:18 /storage/cms/hero/cms_hero_20260224_0002.png ........................................ ~ 12.79ms
  2026-03-05 09:38:18 /icons/unila.png ..................................................................... ~ 0.18ms
  2026-03-05 09:38:18 /icons/logo.png ...................................................................... ~ 0.19ms
  2026-03-05 09:38:19 /admin/cms/settings ..................................................................... ~ 7dt
  2026-03-05 09:38:27 /build/assets/app-DpmNv1u0.js ........................................................ ~ 0.26ms
  2026-03-05 09:38:27 /build/assets/app-Cob1zxeE.css ....................................................... ~ 5.87ms
  2026-03-05 09:38:27 /build/assets/tiptap-editor-BEIQFI6w.js .............................................. ~ 0.34ms
  2026-03-05 09:38:27 /build/assets/index-Bw3-YJgB.js ...................................................... ~ 6.43ms
  2026-03-05 09:38:27 /icons/logo.png .................................................................... ~ 117.53ms
  2026-03-05 09:38:27 /icons/unila.png ................................................................... ~ 129.34ms
  2026-03-05 09:38:28 /admin/dashboard ........................................................................ ~ 3dt
  2026-03-05 09:38:32 /build/assets/app-DpmNv1u0.js ........................................................ ~ 0.28ms
  2026-03-05 09:38:32 /build/assets/app-Cob1zxeE.css ....................................................... ~ 6.67ms
  2026-03-05 09:38:32 /icons/logo.png ...................................................................... ~ 0.46ms
  2026-03-05 09:38:32 /icons/unila.png ..................................................................... ~ 9.63ms
  2026-03-05 09:38:33 /admin/format-nomor ..................................................................... ~ 9dt
  2026-03-05 09:38:43 /build/assets/app-DpmNv1u0.js ........................................................ ~ 0.17ms
  2026-03-05 09:38:43 /build/assets/app-Cob1zxeE.css ....................................................... ~ 7.00ms
  2026-03-05 09:38:43 /icons/logo.png .................................................................... ~ 506.62ms
  2026-03-05 09:38:43 /icons/unila.png ................................................................... ~ 644.21ms
  2026-03-05 09:38:44 /admin/format-nomor/create .............................................................. ~ 7dt
  2026-03-05 09:38:51 /build/assets/app-Cob1zxeE.css ....................................................... ~ 0.18ms
  2026-03-05 09:38:52 /build/assets/app-DpmNv1u0.js ........................................................ ~ 0.19ms
  2026-03-05 09:38:52 /icons/logo.png ...................................................................... ~ 0.42ms
  2026-03-05 09:38:52 /icons/unila.png ................................................................... ~ 182.35ms
  2026-03-05 09:38:53 /admin/format-nomor/10 .................................................................. ~ 4dt
  2026-03-05 09:38:57 /admin/format-nomor/10/edit ............................................................. ~ 7dt
  2026-03-05 09:39:04 /build/assets/app-DpmNv1u0.js ........................................................ ~ 0.28ms
  2026-03-05 09:39:04 /build/assets/app-Cob1zxeE.css ...................................................... ~ 62.38ms
  2026-03-05 09:39:05 /icons/logo.png ...................................................................... ~ 0.52ms
  2026-03-05 09:39:05 /icons/unila.png .................................................................... ~ 19.73ms
  2026-03-05 09:39:06 /admin/format-nomor/10/edit ............................................................. ~ 2dt
  2026-03-05 09:39:08 /build/assets/app-DpmNv1u0.js ........................................................ ~ 0.57ms
  2026-03-05 09:39:08 /build/assets/app-Cob1zxeE.css ...................................................... ~ 20.18ms
  2026-03-05 09:39:08 /icons/logo.png ...................................................................... ~ 0.41ms
  2026-03-05 09:39:08 /icons/unila.png ................................................................... ~ 187.00ms
  2026-03-05 09:39:09 /admin/jurusan .......................................................................... ~ 9dt
  2026-03-05 09:39:19 /build/assets/app-Cob1zxeE.css ....................................................... ~ 0.20ms
  2026-03-05 09:39:19 /build/assets/app-DpmNv1u0.js ........................................................ ~ 0.18ms
  2026-03-05 09:39:20 /icons/unila.png ..................................................................... ~ 0.23ms
  2026-03-05 09:39:20 /icons/logo.png ..................................................................... ~ 47.83ms
  2026-03-05 09:39:21 /admin/jurusan/create ................................................................... ~ 9dt
  2026-03-05 09:39:31 /build/assets/app-Cob1zxeE.css ....................................................... ~ 0.85ms
  2026-03-05 09:39:31 /build/assets/app-DpmNv1u0.js ....................................................... ~ 12.14ms
  2026-03-05 09:39:31 /icons/logo.png ...................................................................... ~ 0.22ms
  2026-03-05 09:39:31 /icons/unila.png .................................................................... ~ 50.11ms
  2026-03-05 09:39:33 /admin/jurusan/11/edit .................................................................. ~ 9dt
  2026-03-05 09:39:42 /build/assets/app-DpmNv1u0.js ........................................................ ~ 0.23ms
  2026-03-05 09:39:42 /build/assets/app-Cob1zxeE.css ....................................................... ~ 6.97ms
  2026-03-05 09:39:42 /icons/unila.png ..................................................................... ~ 0.19ms
  2026-03-05 09:39:42 /icons/logo.png .................................................................... ~ 102.32ms
  2026-03-05 09:39:43 /admin/kritik-saran ..................................................................... ~ 7dt
  2026-03-05 09:39:50 /build/assets/app-Cob1zxeE.css ....................................................... ~ 0.29ms
  2026-03-05 09:39:50 /build/assets/app-DpmNv1u0.js ....................................................... ~ 11.43ms
  2026-03-05 09:39:50 /icons/logo.png ...................................................................... ~ 0.75ms
  2026-03-05 09:39:50 /icons/unila.png .................................................................... ~ 14.65ms
  2026-03-05 09:39:51 /admin/kritik-saran/1 .................................................................. ~ 12dt
  2026-03-05 09:40:04 /build/assets/app-DpmNv1u0.js ........................................................ ~ 0.29ms
  2026-03-05 09:40:04 /build/assets/app-Cob1zxeE.css ....................................................... ~ 7.20ms
  2026-03-05 09:40:05 /icons/logo.png ...................................................................... ~ 0.24ms
  2026-03-05 09:40:05 /icons/unila.png .................................................................... ~ 57.71ms
  2026-03-05 09:40:06 /admin/layanan .......................................................................... ~ 5dt
  2026-03-05 09:40:12 /build/assets/app-Cob1zxeE.css ....................................................... ~ 0.19ms
  2026-03-05 09:40:12 /build/assets/app-DpmNv1u0.js ........................................................ ~ 9.31ms
  2026-03-05 09:40:12 /icons/logo.png ...................................................................... ~ 0.19ms
  2026-03-05 09:40:12 /icons/unila.png .................................................................... ~ 24.79ms
  2026-03-05 09:40:12 /admin/layanan/create .................................................................. ~ 21dt
  2026-03-05 09:40:34 /build/assets/app-DpmNv1u0.js ........................................................ ~ 0.20ms
  2026-03-05 09:40:34 /build/assets/app-Cob1zxeE.css ....................................................... ~ 8.36ms
  2026-03-05 09:40:34 /build/assets/tiptap-editor-BEIQFI6w.js .............................................. ~ 0.26ms
  2026-03-05 09:40:34 /build/assets/index-Bw3-YJgB.js ...................................................... ~ 7.18ms
  2026-03-05 09:40:34 /icons/logo.png ...................................................................... ~ 0.85ms
  2026-03-05 09:40:34 /icons/unila.png .................................................................... ~ 15.42ms
  2026-03-05 09:40:35 /admin/layanan/pedoman-placeholder ...................................................... ~ 5dt
  2026-03-05 09:40:40 /build/assets/app-Cob1zxeE.css ....................................................... ~ 0.29ms
  2026-03-05 09:40:40 /build/assets/app-DpmNv1u0.js ........................................................ ~ 0.26ms
  2026-03-05 09:40:40 /icons/logo.png ...................................................................... ~ 0.21ms
  2026-03-05 09:40:40 /example/CONTOH%20SERTIFIKAT_page-0001.jpg .......................................... ~ 16.80ms
  2026-03-05 09:40:40 /icons/unila.png .................................................................... ~ 22.67ms
  2026-03-05 09:40:41 /admin/layanan/15 ....................................................................... ~ 1dt
  2026-03-05 09:40:44 /admin/layanan/15/edit ................................................................. ~ 27dt
  2026-03-05 09:41:11 /build/assets/app-DpmNv1u0.js ........................................................ ~ 0.33ms
  2026-03-05 09:41:11 /build/assets/app-Cob1zxeE.css ....................................................... ~ 7.43ms
  2026-03-05 09:41:11 /icons/logo.png ...................................................................... ~ 0.31ms
  2026-03-05 09:41:11 /icons/unila.png .................................................................... ~ 11.88ms
  2026-03-05 09:41:12 /build/assets/tiptap-editor-BEIQFI6w.js .............................................. ~ 0.18ms
  2026-03-05 09:41:12 /build/assets/index-Bw3-YJgB.js ...................................................... ~ 7.81ms
  2026-03-05 09:41:12 /admin/layanan/15/edit .................................................................. ~ 5dt
  2026-03-05 09:41:17 /build/assets/app-DpmNv1u0.js ........................................................ ~ 0.16ms
  2026-03-05 09:41:17 /build/assets/app-Cob1zxeE.css ....................................................... ~ 6.37ms
  2026-03-05 09:41:17 /icons/unila.png ..................................................................... ~ 0.29ms
  2026-03-05 09:41:17 /icons/logo.png ...................................................................... ~ 9.45ms
  2026-03-05 09:41:17 /build/assets/tiptap-editor-BEIQFI6w.js .............................................. ~ 0.26ms
  2026-03-05 09:41:17 /build/assets/index-Bw3-YJgB.js ...................................................... ~ 8.36ms
  2026-03-05 09:41:18 /admin/legalisir ....................................................................... ~ 24dt
  2026-03-05 09:41:44 /build/assets/app-Cob1zxeE.css ....................................................... ~ 0.17ms
  2026-03-05 09:41:44 /build/assets/app-DpmNv1u0.js ........................................................ ~ 0.23ms
  2026-03-05 09:41:44 /icons/logo.png ...................................................................... ~ 0.32ms
  2026-03-05 09:41:44 /icons/unila.png .................................................................... ~ 15.53ms
  2026-03-05 09:41:45 /admin/panduan-pengguna ................................................................ ~ 11dt
  2026-03-05 09:41:56 /build/assets/app-Cob1zxeE.css ....................................................... ~ 0.36ms
  2026-03-05 09:41:56 /build/assets/app-DpmNv1u0.js ........................................................ ~ 0.22ms
  2026-03-05 09:41:57 /icons/unila.png ..................................................................... ~ 0.22ms
  2026-03-05 09:41:57 /icons/logo.png ..................................................................... ~ 15.32ms
  2026-03-05 09:41:58 /admin/panduan-pengguna/create .......................................................... ~ 9dt
  2026-03-05 09:42:07 /build/assets/app-DpmNv1u0.js ........................................................ ~ 0.36ms
  2026-03-05 09:42:07 /build/assets/app-Cob1zxeE.css ....................................................... ~ 6.91ms
  2026-03-05 09:42:08 /icons/logo.png ...................................................................... ~ 0.37ms
  2026-03-05 09:42:08 /icons/unila.png ................................................................... ~ 144.50ms
  2026-03-05 09:42:08 /admin/panduan-pengguna/1/edit .......................................................... ~ 3dt
  2026-03-05 09:42:12 /build/assets/app-DpmNv1u0.js ........................................................ ~ 0.21ms
  2026-03-05 09:42:12 /build/assets/app-Cob1zxeE.css ....................................................... ~ 9.06ms
  2026-03-05 09:42:12 /icons/unila.png ..................................................................... ~ 0.41ms
  2026-03-05 09:42:12 /icons/logo.png ..................................................................... ~ 12.24ms
  2026-03-05 09:42:13 /admin/permohonan ...................................................................... ~ 11dt
  2026-03-05 09:42:24 /build/assets/app-DpmNv1u0.js ........................................................ ~ 0.40ms
  2026-03-05 09:42:24 /build/assets/app-Cob1zxeE.css ....................................................... ~ 6.41ms
  2026-03-05 09:42:24 /icons/unila.png ..................................................................... ~ 0.30ms
  2026-03-05 09:42:24 /icons/logo.png ...................................................................... ~ 8.85ms
  2026-03-05 09:42:25 /admin/permohonan/5 .................................................................... ~ 16dt
  2026-03-05 09:42:42 /build/assets/app-Cob1zxeE.css ....................................................... ~ 0.21ms
  2026-03-05 09:42:42 /build/assets/app-DpmNv1u0.js ........................................................ ~ 0.31ms
  2026-03-05 09:42:42 /icons/logo.png ...................................................................... ~ 1.20ms
  2026-03-05 09:42:42 /icons/unila.png .................................................................... ~ 17.93ms
  2026-03-05 09:42:42 /admin/prodi ............................................................................ ~ 6dt
  2026-03-05 09:42:49 /build/assets/app-DpmNv1u0.js ........................................................ ~ 0.67ms
  2026-03-05 09:42:49 /build/assets/app-Cob1zxeE.css ....................................................... ~ 7.05ms
  2026-03-05 09:42:49 /icons/logo.png ...................................................................... ~ 0.26ms
  2026-03-05 09:42:49 /icons/unila.png .................................................................... ~ 11.16ms
  2026-03-05 09:42:50 /admin/prodi/create .................................................................... ~ 12dt
  2026-03-05 09:43:03 /build/assets/app-DpmNv1u0.js ........................................................ ~ 0.26ms
  2026-03-05 09:43:03 /build/assets/app-Cob1zxeE.css ....................................................... ~ 7.17ms
  2026-03-05 09:43:03 /icons/logo.png .................................................................... ~ 113.12ms
  2026-03-05 09:43:03 /icons/unila.png ................................................................... ~ 127.58ms
  2026-03-05 09:43:05 /admin/prodi/12/edit .................................................................... ~ 5dt
  2026-03-05 09:43:10 /build/assets/app-DpmNv1u0.js ........................................................ ~ 0.24ms
  2026-03-05 09:43:10 /build/assets/app-Cob1zxeE.css ...................................................... ~ 15.57ms
  2026-03-05 09:43:11 /icons/logo.png ...................................................................... ~ 0.22ms
  2026-03-05 09:43:11 /icons/unila.png .................................................................... ~ 10.84ms
  2026-03-05 09:43:11 /admin/roles ........................................................................... ~ 13dt
  2026-03-05 09:43:25 /build/assets/app-DpmNv1u0.js ........................................................ ~ 0.17ms
  2026-03-05 09:43:25 /build/assets/app-Cob1zxeE.css ....................................................... ~ 9.77ms
  2026-03-05 09:43:25 /icons/unila.png ..................................................................... ~ 0.54ms
  2026-03-05 09:43:25 /icons/logo.png ...................................................................... ~ 0.29ms
  2026-03-05 09:43:26 /admin/roles/create ..................................................................... ~ 7dt
  2026-03-05 09:43:33 /build/assets/app-DpmNv1u0.js ........................................................ ~ 0.27ms
  2026-03-05 09:43:33 /build/assets/app-Cob1zxeE.css ....................................................... ~ 6.78ms
  2026-03-05 09:43:34 /icons/logo.png ...................................................................... ~ 0.39ms
  2026-03-05 09:43:34 /icons/unila.png .................................................................... ~ 44.41ms
  2026-03-05 09:43:35 /admin/roles/34/edit .................................................................... ~ 9dt
  2026-03-05 09:43:44 /build/assets/app-DpmNv1u0.js ........................................................ ~ 0.38ms
  2026-03-05 09:43:44 /build/assets/app-Cob1zxeE.css ....................................................... ~ 6.99ms
  2026-03-05 09:43:44 /icons/unila.png ..................................................................... ~ 0.21ms
  2026-03-05 09:43:44 /icons/logo.png ...................................................................... ~ 0.31ms
  2026-03-05 09:43:45 /admin/template-nomor-surat ............................................................ ~ 17dt
  2026-03-05 09:44:03 /build/assets/app-DpmNv1u0.js ........................................................ ~ 0.18ms
  2026-03-05 09:44:03 /build/assets/app-Cob1zxeE.css ....................................................... ~ 6.19ms
  2026-03-05 09:44:03 /icons/logo.png ...................................................................... ~ 0.23ms
  2026-03-05 09:44:03 /icons/unila.png .................................................................... ~ 88.24ms
  2026-03-05 09:44:05 /admin/template-nomor-surat/create ..................................................... ~ 13dt
  2026-03-05 09:44:18 /login .................................................................................. ~ 1dt
  2026-03-05 09:44:18 /login .................................................................................. ~ 3dt

   INFO  Server running on [http://127.0.0.1:8099].  

  Press Ctrl+C to stop the server

  2026-03-05 09:44:21 /login .................................................................................. ~ 1dt
  2026-03-05 09:44:21 /build/assets/app-DpmNv1u0.js ........................................................... ~ 1dt
  2026-03-05 09:44:20 /build/assets/app-Cob1zxeE.css .......................................................... ~ 2dt
  2026-03-05 09:44:23 /icons/logo.png ...................................................................... ~ 0.27ms
  2026-03-05 09:44:23 /icons/unila.png .................................................................... ~ 19.15ms
  2026-03-05 09:44:23 /login .................................................................................. ~ 1dt
  2026-03-05 09:44:24 /admin/template-nomor-surat/1 ........................................................... ~ 5dt
  2026-03-05 09:44:30 /login ............................................................................. ~ 506.31ms
  2026-03-05 09:44:30 /build/assets/app-DpmNv1u0.js ........................................................ ~ 1.02ms
  2026-03-05 09:44:30 /build/assets/app-Cob1zxeE.css ...................................................... ~ 11.75ms
  2026-03-05 09:44:30 /build/assets/app-DpmNv1u0.js ........................................................ ~ 0.39ms
  2026-03-05 09:44:30 /icons/google.svg .................................................................... ~ 6.28ms
  2026-03-05 09:44:30 /build/assets/app-Cob1zxeE.css ...................................................... ~ 37.80ms
  2026-03-05 09:44:31 /icons/unila.png ..................................................................... ~ 0.22ms
  2026-03-05 09:44:31 /icons/logo.png ...................................................................... ~ 5.86ms
  2026-03-05 09:44:31 /icons/unila.png ..................................................................... ~ 3.61ms
  2026-03-05 09:44:31 /icons/logo.png ..................................................................... ~ 19.74ms
  2026-03-05 09:44:31 /admin/template-nomor-surat/1/edit ...................................................... ~ 9dt
  2026-03-05 09:44:42 /login .................................................................................. ~ 5dt
  2026-03-05 09:44:47 /build/assets/app-DpmNv1u0.js ........................................................ ~ 0.29ms
  2026-03-05 09:44:47 /build/assets/app-Cob1zxeE.css ..................................................... ~ 119.92ms
  2026-03-05 09:44:47 /admin/dashboard ....................................................................... ~ 10dt
  2026-03-05 09:44:58 /icons/logo.png .................................................................... ~ 512.59ms
  2026-03-05 09:44:58 /icons/unila.png ................................................................... ~ 521.36ms
  2026-03-05 09:44:58 /build/assets/app-Cob1zxeE.css ....................................................... ~ 0.16ms
  2026-03-05 09:44:58 /build/assets/app-DpmNv1u0.js ........................................................ ~ 6.00ms
  2026-03-05 09:44:59 /icons/logo.png ...................................................................... ~ 0.34ms
  2026-03-05 09:44:59 /icons/unila.png ..................................................................... ~ 8.34ms
  2026-03-05 09:44:59 /admin/audit-logs ...................................................................... ~ 10dt
  2026-03-05 09:45:09 /admin/users ........................................................................... ~ 13dt
  2026-03-05 09:45:23 /build/assets/app-DpmNv1u0.js ........................................................ ~ 0.17ms
  2026-03-05 09:45:09 /build/assets/app-Cob1zxeE.css ......................................................... ~ 13dt
  2026-03-05 09:45:23 /build/assets/app-DpmNv1u0.js ........................................................ ~ 0.19ms
  2026-03-05 09:45:23 /build/assets/app-Cob1zxeE.css ...................................................... ~ 69.32ms
  2026-03-05 09:45:23 /icons/logo.png ...................................................................... ~ 0.33ms
  2026-03-05 09:45:23 /icons/unila.png .................................................................... ~ 12.73ms
  2026-03-05 09:45:23 /icons/unila.png ..................................................................... ~ 0.27ms
  2026-03-05 09:45:23 /icons/logo.png ...................................................................... ~ 8.06ms
  2026-03-05 09:45:24 /admin/cms .............................................................................. ~ 4dt
  2026-03-05 09:45:29 /admin/users/create ..................................................................... ~ 8dt
  2026-03-05 09:45:37 /build/assets/app-DpmNv1u0.js ........................................................ ~ 0.20ms
  2026-03-05 09:45:37 /build/assets/app-Cob1zxeE.css ....................................................... ~ 6.03ms
  2026-03-05 09:45:37 /storage/cms/hero/cms_hero_20260224_0002.png ........................................ ~ 13.74ms
  2026-03-05 09:45:37 /build/assets/app-DpmNv1u0.js ........................................................ ~ 0.18ms
  2026-03-05 09:45:37 /build/assets/app-Cob1zxeE.css ....................................................... ~ 5.84ms
  2026-03-05 09:45:37 /icons/logo.png ...................................................................... ~ 0.19ms
  2026-03-05 09:45:37 /icons/unila.png .................................................................... ~ 10.73ms
  2026-03-05 09:45:37 /icons/logo.png ...................................................................... ~ 0.39ms
  2026-03-05 09:45:37 /icons/unila.png .................................................................... ~ 50.63ms
  2026-03-05 09:45:38 /admin/cms/announcements ................................................................ ~ 8dt
  2026-03-05 09:45:47 /admin/users/30/edit ................................................................... ~ 20dt
  2026-03-05 09:46:07 /build/assets/app-DpmNv1u0.js ........................................................ ~ 0.38ms
  2026-03-05 09:46:07 /build/assets/app-Cob1zxeE.css ...................................................... ~ 10.01ms
  2026-03-05 09:46:07 /build/assets/app-DpmNv1u0.js ........................................................ ~ 0.19ms
  2026-03-05 09:46:07 /build/assets/app-Cob1zxeE.css ....................................................... ~ 9.36ms
  2026-03-05 09:46:08 /icons/logo.png ...................................................................... ~ 1.44ms
  2026-03-05 09:46:08 /icons/unila.png .................................................................... ~ 80.55ms
  2026-03-05 09:46:08 /icons/logo.png ..................................................................... ~ 96.31ms
  2026-03-05 09:46:08 /icons/unila.png ................................................................... ~ 107.31ms
  2026-03-05 09:46:09 /admin/cms/announcements/create ......................................................... ~ 1dt
  2026-03-05 09:46:10 /build/assets/app-Cob1zxeE.css ....................................................... ~ 0.57ms
  2026-03-05 09:46:11 /build/assets/app-DpmNv1u0.js ........................................................ ~ 0.54ms
  2026-03-05 09:46:11 /build/assets/tiptap-editor-BEIQFI6w.js .............................................. ~ 0.27ms
  2026-03-05 09:46:11 /build/assets/index-Bw3-YJgB.js ...................................................... ~ 8.29ms
  2026-03-05 09:46:11 /icons/unila.png ..................................................................... ~ 0.36ms
  2026-03-05 09:46:11 /icons/logo.png ...................................................................... ~ 0.39ms
  2026-03-05 09:46:11 /admin/cms/announcements/2/edit ......................................................... ~ 1dt
  2026-03-05 09:46:13 /build/assets/app-Cob1zxeE.css ....................................................... ~ 0.92ms
  2026-03-05 09:46:13 /build/assets/app-DpmNv1u0.js ........................................................ ~ 0.23ms
  2026-03-05 09:46:13 /storage/cms/announcements/cms_announcement_cover_20260224_0005.png .................. ~ 6.10ms
  2026-03-05 09:46:13 /build/assets/tiptap-editor-BEIQFI6w.js .............................................. ~ 0.20ms
  2026-03-05 09:46:13 /build/assets/index-Bw3-YJgB.js ...................................................... ~ 0.54ms
  2026-03-05 09:46:13 /icons/unila.png ..................................................................... ~ 0.83ms
  2026-03-05 09:46:13 /icons/logo.png ...................................................................... ~ 0.28ms

   INFO  Server running on [http://127.0.0.1:8099].  

  Press Ctrl+C to stop the server

